0 info it worked if it ends with ok
1 verbose cli [ 'D:\\node.exe',
1 verbose cli   'D:\\node_modules\\npm\\bin\\npm-cli.js',
1 verbose cli   'run',
1 verbose cli   'test' ]
2 info using npm@2.14.12
3 info using node@v4.2.4
4 verbose run-script [ 'pretest', 'test', 'posttest' ]
5 info pretest application-name@0.0.1
6 info test application-name@0.0.1
7 verbose unsafe-perm in lifecycle true
8 info application-name@0.0.1 Failed to exec test script
9 verbose stack Error: application-name@0.0.1 test: `supervisor app.js`
9 verbose stack Exit status 1
9 verbose stack     at EventEmitter.<anonymous> (D:\node_modules\npm\lib\utils\lifecycle.js:214:16)
9 verbose stack     at emitTwo (events.js:87:13)
9 verbose stack     at EventEmitter.emit (events.js:172:7)
9 verbose stack     at ChildProcess.<anonymous> (D:\node_modules\npm\lib\utils\spawn.js:24:14)
9 verbose stack     at emitTwo (events.js:87:13)
9 verbose stack     at ChildProcess.emit (events.js:172:7)
9 verbose stack     at maybeClose (internal/child_process.js:818:16)
9 verbose stack     at Process.ChildProcess._handle.onexit (internal/child_process.js:211:5)
10 verbose pkgid application-name@0.0.1
11 verbose cwd D:\code\node-react-mobx\src\main\node
12 error Windows_NT 6.2.9200
13 error argv "D:\\node.exe" "D:\\node_modules\\npm\\bin\\npm-cli.js" "run" "test"
14 error node v4.2.4
15 error npm  v2.14.12
16 error code ELIFECYCLE
17 error application-name@0.0.1 test: `supervisor app.js`
17 error Exit status 1
18 error Failed at the application-name@0.0.1 test script 'supervisor app.js'.
18 error This is most likely a problem with the application-name package,
18 error not with npm itself.
18 error Tell the author that this fails on your system:
18 error     supervisor app.js
18 error You can get their info via:
18 error     npm owner ls application-name
18 error There is likely additional logging output above.
19 verbose exit [ 1, true ]
