0 info it worked if it ends with ok
1 verbose cli [ 'D:\\node.exe',
1 verbose cli   'D:\\node_modules\\npm\\bin\\npm-cli.js',
1 verbose cli   'install',
1 verbose cli   'across-env',
1 verbose cli   '--save-dev' ]
2 info using npm@2.14.12
3 info using node@v4.2.4
4 verbose install initial load of D:\code\node-react-mobx\src\main\assets\package.json
5 warn package.json node-react-mobx@1.0.0 No repository field.
6 warn package.json node-react-mobx@1.0.0 No README data
7 verbose installManyTop reading scoped package data from D:\code\node-react-mobx\src\main\assets\node_modules\antd\package.json
8 verbose installManyTop reading scoped package data from D:\code\node-react-mobx\src\main\assets\node_modules\babel-core\package.json
9 verbose installManyTop reading scoped package data from D:\code\node-react-mobx\src\main\assets\node_modules\babel-loader\package.json
10 verbose installManyTop reading scoped package data from D:\code\node-react-mobx\src\main\assets\node_modules\babel-plugin-add-module-exports\package.json
11 verbose installManyTop reading scoped package data from D:\code\node-react-mobx\src\main\assets\node_modules\babel-plugin-transform-decorators-legacy\package.json
12 verbose installManyTop reading scoped package data from D:\code\node-react-mobx\src\main\assets\node_modules\babel-plugin-transform-runtime\package.json
13 verbose installManyTop reading scoped package data from D:\code\node-react-mobx\src\main\assets\node_modules\babel-polyfill\package.json
14 verbose installManyTop reading scoped package data from D:\code\node-react-mobx\src\main\assets\node_modules\babel-preset-es2015\package.json
15 verbose installManyTop reading scoped package data from D:\code\node-react-mobx\src\main\assets\node_modules\babel-preset-react\package.json
16 verbose installManyTop reading scoped package data from D:\code\node-react-mobx\src\main\assets\node_modules\babel-preset-stage-0\package.json
17 verbose installManyTop reading scoped package data from D:\code\node-react-mobx\src\main\assets\node_modules\babel-runtime\package.json
18 verbose installManyTop reading scoped package data from D:\code\node-react-mobx\src\main\assets\node_modules\classnames\package.json
19 verbose installManyTop reading scoped package data from D:\code\node-react-mobx\src\main\assets\node_modules\clean-webpack-plugin\package.json
20 verbose installManyTop reading scoped package data from D:\code\node-react-mobx\src\main\assets\node_modules\copy-webpack-plugin\package.json
21 verbose installManyTop reading scoped package data from D:\code\node-react-mobx\src\main\assets\node_modules\cross-env\package.json
22 verbose installManyTop reading scoped package data from D:\code\node-react-mobx\src\main\assets\node_modules\css-loader\package.json
23 verbose installManyTop reading scoped package data from D:\code\node-react-mobx\src\main\assets\node_modules\deepcopy\package.json
24 verbose installManyTop reading scoped package data from D:\code\node-react-mobx\src\main\assets\node_modules\es6-promise\package.json
25 verbose installManyTop reading scoped package data from D:\code\node-react-mobx\src\main\assets\node_modules\eslint\package.json
26 verbose installManyTop reading scoped package data from D:\code\node-react-mobx\src\main\assets\node_modules\eslint-config-airbnb\package.json
27 verbose installManyTop reading scoped package data from D:\code\node-react-mobx\src\main\assets\node_modules\eslint-plugin-babel\package.json
28 verbose installManyTop reading scoped package data from D:\code\node-react-mobx\src\main\assets\node_modules\eslint-plugin-import\package.json
29 verbose installManyTop reading scoped package data from D:\code\node-react-mobx\src\main\assets\node_modules\eslint-plugin-jsx-a11y\package.json
30 verbose installManyTop reading scoped package data from D:\code\node-react-mobx\src\main\assets\node_modules\eslint-plugin-markdown\package.json
31 verbose installManyTop reading scoped package data from D:\code\node-react-mobx\src\main\assets\node_modules\eslint-plugin-react\package.json
32 verbose installManyTop reading scoped package data from D:\code\node-react-mobx\src\main\assets\node_modules\eslint-tinker\package.json
33 verbose installManyTop reading scoped package data from D:\code\node-react-mobx\src\main\assets\node_modules\eventproxy\package.json
34 verbose installManyTop reading scoped package data from D:\code\node-react-mobx\src\main\assets\node_modules\exports-loader\package.json
35 verbose installManyTop reading scoped package data from D:\code\node-react-mobx\src\main\assets\node_modules\extract-text-webpack-plugin\package.json
36 verbose installManyTop reading scoped package data from D:\code\node-react-mobx\src\main\assets\node_modules\file-loader\package.json
37 verbose installManyTop reading scoped package data from D:\code\node-react-mobx\src\main\assets\node_modules\github-markdown-css\package.json
38 verbose installManyTop reading scoped package data from D:\code\node-react-mobx\src\main\assets\node_modules\happypack\package.json
39 verbose installManyTop reading scoped package data from D:\code\node-react-mobx\src\main\assets\node_modules\history\package.json
40 verbose installManyTop reading scoped package data from D:\code\node-react-mobx\src\main\assets\node_modules\imports-loader\package.json
41 verbose installManyTop reading scoped package data from D:\code\node-react-mobx\src\main\assets\node_modules\less\package.json
42 verbose installManyTop reading scoped package data from D:\code\node-react-mobx\src\main\assets\node_modules\less-loader\package.json
43 verbose installManyTop reading scoped package data from D:\code\node-react-mobx\src\main\assets\node_modules\mobx\package.json
44 verbose installManyTop reading scoped package data from D:\code\node-react-mobx\src\main\assets\node_modules\mobx-connect\package.json
45 verbose installManyTop reading scoped package data from D:\code\node-react-mobx\src\main\assets\node_modules\mobx-inferno\package.json
46 verbose installManyTop reading scoped package data from D:\code\node-react-mobx\src\main\assets\node_modules\mobx-react\package.json
47 verbose installManyTop reading scoped package data from D:\code\node-react-mobx\src\main\assets\node_modules\mobx-react-devtools\package.json
48 verbose installManyTop reading scoped package data from D:\code\node-react-mobx\src\main\assets\node_modules\object-assign\package.json
49 verbose installManyTop reading scoped package data from D:\code\node-react-mobx\src\main\assets\node_modules\postcss-loader\package.json
50 verbose installManyTop reading scoped package data from D:\code\node-react-mobx\src\main\assets\node_modules\react\package.json
51 verbose installManyTop reading scoped package data from D:\code\node-react-mobx\src\main\assets\node_modules\react-addons-pure-render-mixin\package.json
52 verbose installManyTop reading scoped package data from D:\code\node-react-mobx\src\main\assets\node_modules\react-dom\package.json
53 verbose installManyTop reading scoped package data from D:\code\node-react-mobx\src\main\assets\node_modules\react-router\package.json
54 verbose installManyTop reading scoped package data from D:\code\node-react-mobx\src\main\assets\node_modules\strip-loader\package.json
55 verbose installManyTop reading scoped package data from D:\code\node-react-mobx\src\main\assets\node_modules\superagent\package.json
56 verbose installManyTop reading scoped package data from D:\code\node-react-mobx\src\main\assets\node_modules\url-loader\package.json
57 verbose installManyTop reading scoped package data from D:\code\node-react-mobx\src\main\assets\node_modules\webpack\package.json
58 verbose installManyTop reading scoped package data from D:\code\node-react-mobx\src\main\assets\node_modules\webpack-dev-server\package.json
59 verbose installManyTop reading scoped package data from D:\code\node-react-mobx\src\main\assets\node_modules\whatwg-fetch\package.json
60 info package.json copy-webpack-plugin@3.0.1 No README data
61 info package.json exports-loader@0.6.3 No license field.
62 info package.json less-loader@2.2.3 No license field.
63 info package.json strip-loader@0.1.2 No license field.
64 verbose readDependencies loading dependencies from D:\code\node-react-mobx\src\main\assets\package.json
65 silly cache add args [ 'across-env', null ]
66 verbose cache add spec across-env
67 silly cache add parsed spec Result {
67 silly cache add   raw: 'across-env',
67 silly cache add   scope: null,
67 silly cache add   name: 'across-env',
67 silly cache add   rawSpec: '',
67 silly cache add   spec: 'latest',
67 silly cache add   type: 'tag' }
68 silly addNamed across-env@latest
69 verbose addNamed "latest" is being treated as a dist-tag for across-env
70 info addNameTag [ 'across-env', 'latest' ]
71 silly mapToRegistry name across-env
72 silly mapToRegistry using default registry
73 silly mapToRegistry registry https://registry.npmjs.org/
74 silly mapToRegistry uri https://registry.npmjs.org/across-env
75 verbose addNameTag registry:https://registry.npmjs.org/across-env not in flight; fetching
76 verbose request uri https://registry.npmjs.org/across-env
77 verbose request no auth needed
78 info attempt registry request try #1 at 16:52:47
79 verbose request id 9bf6c3f371268071
80 http request GET https://registry.npmjs.org/across-env
81 http 404 https://registry.npmjs.org/across-env
82 verbose headers { 'content-type': 'application/json',
82 verbose headers   'cache-control': 'max-age=0',
82 verbose headers   'content-length': '2',
82 verbose headers   'accept-ranges': 'bytes',
82 verbose headers   date: 'Wed, 22 Feb 2017 08:52:51 GMT',
82 verbose headers   via: '1.1 varnish',
82 verbose headers   age: '0',
82 verbose headers   connection: 'keep-alive',
82 verbose headers   'x-served-by': 'cache-nrt6133-NRT',
82 verbose headers   'x-cache': 'MISS',
82 verbose headers   'x-cache-hits': '0',
82 verbose headers   'x-timer': 'S1487753570.296594,VS0,VE710',
82 verbose headers   vary: 'Accept-Encoding' }
83 silly get cb [ 404,
83 silly get   { 'content-type': 'application/json',
83 silly get     'cache-control': 'max-age=0',
83 silly get     'content-length': '2',
83 silly get     'accept-ranges': 'bytes',
83 silly get     date: 'Wed, 22 Feb 2017 08:52:51 GMT',
83 silly get     via: '1.1 varnish',
83 silly get     age: '0',
83 silly get     connection: 'keep-alive',
83 silly get     'x-served-by': 'cache-nrt6133-NRT',
83 silly get     'x-cache': 'MISS',
83 silly get     'x-cache-hits': '0',
83 silly get     'x-timer': 'S1487753570.296594,VS0,VE710',
83 silly get     vary: 'Accept-Encoding' } ]
84 verbose stack Error: Registry returned 404 for GET on https://registry.npmjs.org/across-env
84 verbose stack     at makeError (D:\node_modules\npm\node_modules\npm-registry-client\lib\request.js:264:12)
84 verbose stack     at CachingRegistryClient.<anonymous> (D:\node_modules\npm\node_modules\npm-registry-client\lib\request.js:242:14)
84 verbose stack     at Request._callback (D:\node_modules\npm\node_modules\npm-registry-client\lib\request.js:172:14)
84 verbose stack     at Request.self.callback (D:\node_modules\npm\node_modules\request\request.js:198:22)
84 verbose stack     at emitTwo (events.js:87:13)
84 verbose stack     at Request.emit (events.js:172:7)
84 verbose stack     at Request.<anonymous> (D:\node_modules\npm\node_modules\request\request.js:1082:10)
84 verbose stack     at emitOne (events.js:82:20)
84 verbose stack     at Request.emit (events.js:169:7)
84 verbose stack     at IncomingMessage.<anonymous> (D:\node_modules\npm\node_modules\request\request.js:1009:12)
85 verbose statusCode 404
86 verbose pkgid across-env
87 verbose cwd D:\code\node-react-mobx\src\main\assets
88 error Windows_NT 6.2.9200
89 error argv "D:\\node.exe" "D:\\node_modules\\npm\\bin\\npm-cli.js" "install" "across-env" "--save-dev"
90 error node v4.2.4
91 error npm  v2.14.12
92 error code E404
93 error 404 Registry returned 404 for GET on https://registry.npmjs.org/across-env
93 error 404
93 error 404 'across-env' is not in the npm registry.
93 error 404 You should bug the author to publish it (or use the name yourself!)
93 error 404 It was specified as a dependency of 'node-react-mobx'
93 error 404
93 error 404 Note that you can also install from a
93 error 404 tarball, folder, http url, or git url.
94 verbose exit [ 1, true ]
